Compiling build :test to "app.js" from ["src/cljs"]...
[32mSuccessfully compiled build :test to "app.js" in 0.859 seconds.[0m
notifying browser that file changed:  resources/public/js/out/goog/deps.js
notifying browser that file changed:  resources/public/js/out/cljs_deps.js
notifying browser that file changed:  resources/public/js/out/auth/jws/core.js
Compiling build :test to "app.js" from ["src/cljs"]...
[32mSuccessfully compiled build :test to "app.js" in 2.08 seconds.[0m
notifying browser that file changed:  resources/public/js/out/goog/deps.js
notifying browser that file changed:  resources/public/js/out/cljs_deps.js
notifying browser that file changed:  resources/public/js/out/auth/jws/core.js
Compiling build :test to "app.js" from ["src/cljs"]...
[32mSuccessfully compiled build :test to "app.js" in 0.834 seconds.[0m
notifying browser that file changed:  resources/public/js/out/cljs_deps.js
notifying browser that file changed:  resources/public/js/out/auth/jws/core.js
Compiling build :test to "app.js" from ["src/cljs"]...
[32mSuccessfully compiled build :test to "app.js" in 1.521 seconds.[0m
notifying browser that file changed:  resources/public/js/out/auth/jws/core.js
Compiling build :test to "app.js" from ["src/cljs"]...
[32mSuccessfully compiled build :test to "app.js" in 0.938 seconds.[0m
notifying browser that file changed:  resources/public/js/out/auth/jws/core.js
Compiling build :test to "app.js" from ["src/cljs"]...
[32mSuccessfully compiled build :test to "app.js" in 0.81 seconds.[0m
notifying browser that file changed:  resources/public/js/out/auth/jws/core.js
Compiling build :test to "app.js" from ["src/cljs"]...
[36m----  Compiler Warning on   src/cljs/auth/jws/core.cljs   line:13  column:3  ----[0m

  [1mWrong number of args (3) passed to :Token[0m

  [36m10[0m  [36m(defn get-token[0m
  [36m11[0m  [36m  "Gets the JWT from response map"[0m
  [36m12[0m  [36m  [response-map][0m
  [33m13[0m  [1m  (:Token[0m
  [0m  [0m  [33m  ^--- Wrong number of args (3) passed to :Token[0m
  [36m14[0m  [36m    (js->clj[0m
  [36m15[0m  [36m      (.parse js/JSON[0m
  [36m16[0m  [36m        (get-in response-map [:headers "authorization"])))[0m
  [36m17[0m  [36m    :keywordize-keys true))[0m

[36m----  Compiler Warning : Please see src/cljs/auth/jws/core.cljs  ----[0m
[32mSuccessfully compiled build :test to "app.js" in 0.872 seconds.[0m
notifying browser that file changed:  resources/public/js/out/auth/jws/core.js
Compiling build :test to "app.js" from ["src/cljs"]...
[36m----  Compiler Warning on   src/cljs/auth/jws/core.cljs   line:13  column:3  ----[0m

  [1mWrong number of args (3) passed to :Token[0m

  [36m10[0m  [36m(defn get-token[0m
  [36m11[0m  [36m  "Gets the JWT from response map"[0m
  [36m12[0m  [36m  [response-map][0m
  [33m13[0m  [1m  (:Token[0m
  [0m  [0m  [33m  ^--- Wrong number of args (3) passed to :Token[0m
  [36m14[0m  [36m    (js->clj[0m
  [36m15[0m  [36m      (.parse js/JSON[0m
  [36m16[0m  [36m        (get-in response-map [:headers "authorization"])))[0m
  [36m17[0m  [36m    :keywordize-keys true))[0m

[36m----  Compiler Warning : Please see src/cljs/auth/jws/core.cljs  ----[0m
[32mSuccessfully compiled build :test to "app.js" in 0.814 seconds.[0m
notifying browser that file changed:  resources/public/js/out/auth/jws/core.js
Compiling build :test to "app.js" from ["src/cljs"]...
[36m----  Compiler Warning on   src/cljs/auth/jws/core.cljs   line:13  column:3  ----[0m

  [1mWrong number of args (3) passed to :Token[0m

  [36m10[0m  [36m(defn get-token[0m
  [36m11[0m  [36m  "Gets the JWT from response map"[0m
  [36m12[0m  [36m  [response-map][0m
  [33m13[0m  [1m  (:Token[0m
  [0m  [0m  [33m  ^--- Wrong number of args (3) passed to :Token[0m
  [36m14[0m  [36m    (js->clj[0m
  [36m15[0m  [36m      (.parse js/JSON[0m
  [36m16[0m  [36m        (get-in response-map [:headers "authorization"])))[0m
  [36m17[0m  [36m    :keywordize-keys true))[0m

[36m----  Compiler Warning : Please see src/cljs/auth/jws/core.cljs  ----[0m
[32mSuccessfully compiled build :test to "app.js" in 0.756 seconds.[0m
notifying browser that file changed:  resources/public/js/out/auth/jws/core.js
Compiling build :test to "app.js" from ["src/cljs"]...
[36m----  Compiler Warning on   src/cljs/auth/jws/core.cljs   line:13  column:3  ----[0m

  [1mWrong number of args (3) passed to :Token[0m

  [36m10[0m  [36m(defn get-token[0m
  [36m11[0m  [36m  "Gets the JWT from response map"[0m
  [36m12[0m  [36m  [response-map][0m
  [33m13[0m  [1m  (:Token[0m
  [0m  [0m  [33m  ^--- Wrong number of args (3) passed to :Token[0m
  [36m14[0m  [36m    (js->clj[0m
  [36m15[0m  [36m      (.parse js/JSON[0m
  [36m16[0m  [36m        (get-in response-map [:headers "authorization"])))[0m
  [36m17[0m  [36m    :keywordize-keys true))[0m

[36m----  Compiler Warning : Please see src/cljs/auth/jws/core.cljs  ----[0m
[32mSuccessfully compiled build :test to "app.js" in 0.864 seconds.[0m
notifying browser that file changed:  resources/public/js/out/auth/jws/core.js
Compiling build :test to "app.js" from ["src/cljs"]...
[32mSuccessfully compiled build :test to "app.js" in 0.755 seconds.[0m
notifying browser that file changed:  resources/public/js/out/auth/jws/core.js
Compiling build :test to "app.js" from ["src/cljs"]...
[32mSuccessfully compiled build :test to "app.js" in 0.819 seconds.[0m
notifying browser that file changed:  resources/public/js/out/auth/jws/core.js
Compiling build :test to "app.js" from ["src/cljs"]...
[32mSuccessfully compiled build :test to "app.js" in 0.75 seconds.[0m
notifying browser that file changed:  resources/public/js/out/auth/jws/core.js
Compiling build :test to "app.js" from ["src/cljs"]...
[32mSuccessfully compiled build :test to "app.js" in 0.826 seconds.[0m
notifying browser that file changed:  resources/public/js/out/auth/jws/core.js
Compiling build :test to "app.js" from ["src/cljs"]...
[32mSuccessfully compiled build :test to "app.js" in 0.836 seconds.[0m
notifying browser that file changed:  resources/public/js/out/auth/jws/core.js
Compiling build :test to "app.js" from ["src/cljs"]...
[32mSuccessfully compiled build :test to "app.js" in 0.777 seconds.[0m
notifying browser that file changed:  resources/public/js/out/auth/jws/core.js
Compiling build :test to "app.js" from ["src/cljs"]...
[32mSuccessfully compiled build :test to "app.js" in 0.746 seconds.[0m
Compiling build :test to "app.js" from ["src/cljs"]...
[32mSuccessfully compiled build :test to "app.js" in 0.757 seconds.[0m
[36m----  Couldn't load Clojure file  src/cljs/auth/utils/core.clj   line:6  column:4  ----[0m

  [1mUnable to resolve symbol: js->clj in this context[0m

  [36m4[0m  [36m"Parses a JSON string to a Clojure map"[0m
  [36m5[0m  [36m([json-str][0m
  [33m6[0m  [1m (js->clj (.parse js/JSON json-str)))[0m
  [0m [0m  [33m ^--- Unable to resolve symbol: js->clj in this context[0m
  [36m7[0m  [36m([json-str keywordize-keys?][0m
  [36m8[0m  [36m (js->clj (.parse js/JSON json-str))))[0m

[36m----  Exception Stack Trace  ----[0m

java.lang.RuntimeException: Unable to resolve symbol: js->clj in this context
 at clojure.lang.Util.runtimeException (Util.java:221)
    clojure.lang.Compiler.resolveIn (Compiler.java:7299)
    clojure.lang.Compiler.resolve (Compiler.java:7243)
    clojure.lang.Compiler.analyzeSymbol (Compiler.java:7204)
    clojure.lang.Compiler.analyze (Compiler.java:6752)
    clojure.lang.Compiler.analyze (Compiler.java:6729)
    clojure.lang.Compiler$InvokeExpr.parse (Compiler.java:3813)
    clojure.lang.Compiler.analyzeSeq (Compiler.java:7005)
    clojure.lang.Compiler.analyze (Compiler.java:6773)
    clojure.lang.Compiler.analyze (Compiler.java:6729)
    clojure.lang.Compiler$BodyExpr$Parser.parse (Compiler.java:6100)
    clojure.lang.Compiler$FnMethod.parse (Compiler.java:5460)
    clojure.lang.Compiler$FnExpr.parse (Compiler.java:4022)
    clojure.lang.Compiler.analyzeSeq (Compiler.java:7001)
    clojure.lang.Compiler.analyze (Compiler.java:6773)
    clojure.lang.Compiler.analyzeSeq (Compiler.java:6991)
    clojure.lang.Compiler.analyze (Compiler.java:6773)
    clojure.lang.Compiler.access$300 (Compiler.java:38)
    clojure.lang.Compiler$DefExpr$Parser.parse (Compiler.java:595)
    clojure.lang.Compiler.analyzeSeq (Compiler.java:7003)
    clojure.lang.Compiler.analyze (Compiler.java:6773)
    clojure.lang.Compiler.analyze (Compiler.java:6729)
    clojure.lang.Compiler.eval (Compiler.java:7066)
    clojure.lang.Compiler.load (Compiler.java:7514)
    clojure.lang.Compiler.loadFile (Compiler.java:7452)
    clojure.lang.RT$3.invoke (RT.java:325)
    figwheel_sidecar.build_middleware.clj_reloading$handle_clj_source_reloading.invokeStatic (clj_reloading.clj:61)
    figwheel_sidecar.build_middleware.clj_reloading$handle_clj_source_reloading.invoke (clj_reloading.clj:46)
    figwheel_sidecar.build_middleware.clj_reloading$hook$fn__20921.invoke (clj_reloading.clj:93)
    figwheel_sidecar.build_middleware.javascript_reloading$hook$fn__20954.invoke (javascript_reloading.clj:48)
    figwheel_sidecar.components.cljs_autobuild$color_output$fn__21009.invoke (cljs_autobuild.clj:80)
    figwheel_sidecar.components.cljs_autobuild$execute_build$fn__21051.invoke (cljs_autobuild.clj:234)
    figwheel_sidecar.utils$sync_exec$fn__371$fn__372.invoke (utils.clj:13)
    figwheel_sidecar.utils$sync_exec$fn__371.invoke (utils.clj:12)
    clojure.core$binding_conveyor_fn$fn__5476.invoke (core.clj:2025)
    clojure.lang.AFn.applyToHelper (AFn.java:154)
    clojure.lang.RestFn.applyTo (RestFn.java:132)
    clojure.lang.Agent$Action.doRun (Agent.java:114)
    clojure.lang.Agent$Action.run (Agent.java:163)
    java.util.concurrent.ThreadPoolExecutor.runWorker (ThreadPoolExecutor.java:1149)
    java.util.concurrent.ThreadPoolExecutor$Worker.run (ThreadPoolExecutor.java:624)
    java.lang.Thread.run (Thread.java:748)

[36m----  Couldn't load Clojure file  src/cljs/auth/utils/core.clj   line:6  column:4  ----[0m

  [1mUnable to resolve symbol: js->clj in this context[0m

  [36m4[0m  [36m"Parses a JSON string to a Clojure map"[0m
  [36m5[0m  [36m([json-str][0m
  [33m6[0m  [1m (js->clj (.parse js/JSON json-str)))[0m
  [0m [0m  [33m ^--- Unable to resolve symbol: js->clj in this context[0m
  [36m7[0m  [36m([json-str keywordize-keys?][0m
  [36m8[0m  [36m (js->clj (.parse js/JSON json-str)[0m
  [36m9[0m  [36m    :keywordize-keys keywordize-keys?)))[0m

[36m----  Exception Stack Trace  ----[0m

java.lang.RuntimeException: Unable to resolve symbol: js->clj in this context
 at clojure.lang.Util.runtimeException (Util.java:221)
    clojure.lang.Compiler.resolveIn (Compiler.java:7299)
    clojure.lang.Compiler.resolve (Compiler.java:7243)
    clojure.lang.Compiler.analyzeSymbol (Compiler.java:7204)
    clojure.lang.Compiler.analyze (Compiler.java:6752)
    clojure.lang.Compiler.analyze (Compiler.java:6729)
    clojure.lang.Compiler$InvokeExpr.parse (Compiler.java:3813)
    clojure.lang.Compiler.analyzeSeq (Compiler.java:7005)
    clojure.lang.Compiler.analyze (Compiler.java:6773)
    clojure.lang.Compiler.analyze (Compiler.java:6729)
    clojure.lang.Compiler$BodyExpr$Parser.parse (Compiler.java:6100)
    clojure.lang.Compiler$FnMethod.parse (Compiler.java:5460)
    clojure.lang.Compiler$FnExpr.parse (Compiler.java:4022)
    clojure.lang.Compiler.analyzeSeq (Compiler.java:7001)
    clojure.lang.Compiler.analyze (Compiler.java:6773)
    clojure.lang.Compiler.analyzeSeq (Compiler.java:6991)
    clojure.lang.Compiler.analyze (Compiler.java:6773)
    clojure.lang.Compiler.access$300 (Compiler.java:38)
    clojure.lang.Compiler$DefExpr$Parser.parse (Compiler.java:595)
    clojure.lang.Compiler.analyzeSeq (Compiler.java:7003)
    clojure.lang.Compiler.analyze (Compiler.java:6773)
    clojure.lang.Compiler.analyze (Compiler.java:6729)
    clojure.lang.Compiler.eval (Compiler.java:7066)
    clojure.lang.Compiler.load (Compiler.java:7514)
    clojure.lang.Compiler.loadFile (Compiler.java:7452)
    clojure.lang.RT$3.invoke (RT.java:325)
    figwheel_sidecar.build_middleware.clj_reloading$handle_clj_source_reloading.invokeStatic (clj_reloading.clj:61)
    figwheel_sidecar.build_middleware.clj_reloading$handle_clj_source_reloading.invoke (clj_reloading.clj:46)
    figwheel_sidecar.build_middleware.clj_reloading$hook$fn__20921.invoke (clj_reloading.clj:93)
    figwheel_sidecar.build_middleware.javascript_reloading$hook$fn__20954.invoke (javascript_reloading.clj:48)
    figwheel_sidecar.components.cljs_autobuild$color_output$fn__21009.invoke (cljs_autobuild.clj:80)
    figwheel_sidecar.components.cljs_autobuild$execute_build$fn__21051.invoke (cljs_autobuild.clj:234)
    figwheel_sidecar.utils$sync_exec$fn__371$fn__372.invoke (utils.clj:13)
    figwheel_sidecar.utils$sync_exec$fn__371.invoke (utils.clj:12)
    clojure.core$binding_conveyor_fn$fn__5476.invoke (core.clj:2025)
    clojure.lang.AFn.applyToHelper (AFn.java:154)
    clojure.lang.RestFn.applyTo (RestFn.java:132)
    clojure.lang.Agent$Action.doRun (Agent.java:114)
    clojure.lang.Agent$Action.run (Agent.java:163)
    java.util.concurrent.ThreadPoolExecutor.runWorker (ThreadPoolExecutor.java:1149)
    java.util.concurrent.ThreadPoolExecutor$Worker.run (ThreadPoolExecutor.java:624)
    java.lang.Thread.run (Thread.java:748)

Compiling build :test to "app.js" from ["src/cljs"]...
[31mFailed to compile build :test from ["src/cljs"] in 0.478 seconds.[0m
[36m----  Could not Analyze  src/cljs/auth/jws/core.cljs  ----[0m

  [1mNo such namespace: auth.utils.core, could not locate auth/utils/core.cljs, auth/utils/core.cljc, or JavaScript source providing "auth.utils.core" [0m

[36m----  Analysis Error : Please see src/cljs/auth/jws/core.cljs  ----[0m
Compiling build :test to "app.js" from ["src/cljs"]...
[31mFailed to compile build :test from ["src/cljs"] in 0.472 seconds.[0m
[36m----  Could not Analyze  src/cljs/auth/jws/core.cljs  ----[0m

  [1mNo such namespace: auth.utils.core, could not locate auth/utils/core.cljs, auth/utils/core.cljc, or JavaScript source providing "auth.utils.core" [0m

[36m----  Analysis Error : Please see src/cljs/auth/jws/core.cljs  ----[0m
[36m----  Couldn't load Clojure file  src/cljs/auth/utils/core.clj   line:6  column:4  ----[0m

  [1mUnable to resolve symbol: js->clj in this context[0m

  [36m4[0m  [36m"Parses a JSON string to a Clojure map"[0m
  [36m5[0m  [36m([json-str][0m
  [33m6[0m  [1m (js->clj (.parse js/JSON json-str)))[0m
  [0m [0m  [33m ^--- Unable to resolve symbol: js->clj in this context[0m
  [36m7[0m  [36m([json-str keywordize-keys?][0m
  [36m8[0m  [36m (js->clj (.parse js/JSON json-str)[0m
  [36m9[0m  [36m   :keywordize-keys keywordize-keys?)))[0m

[36m----  Exception Stack Trace  ----[0m

java.lang.RuntimeException: Unable to resolve symbol: js->clj in this context
 at clojure.lang.Util.runtimeException (Util.java:221)
    clojure.lang.Compiler.resolveIn (Compiler.java:7299)
    clojure.lang.Compiler.resolve (Compiler.java:7243)
    clojure.lang.Compiler.analyzeSymbol (Compiler.java:7204)
    clojure.lang.Compiler.analyze (Compiler.java:6752)
    clojure.lang.Compiler.analyze (Compiler.java:6729)
    clojure.lang.Compiler$InvokeExpr.parse (Compiler.java:3813)
    clojure.lang.Compiler.analyzeSeq (Compiler.java:7005)
    clojure.lang.Compiler.analyze (Compiler.java:6773)
    clojure.lang.Compiler.analyze (Compiler.java:6729)
    clojure.lang.Compiler$BodyExpr$Parser.parse (Compiler.java:6100)
    clojure.lang.Compiler$FnMethod.parse (Compiler.java:5460)
    clojure.lang.Compiler$FnExpr.parse (Compiler.java:4022)
    clojure.lang.Compiler.analyzeSeq (Compiler.java:7001)
    clojure.lang.Compiler.analyze (Compiler.java:6773)
    clojure.lang.Compiler.analyzeSeq (Compiler.java:6991)
    clojure.lang.Compiler.analyze (Compiler.java:6773)
    clojure.lang.Compiler.access$300 (Compiler.java:38)
    clojure.lang.Compiler$DefExpr$Parser.parse (Compiler.java:595)
    clojure.lang.Compiler.analyzeSeq (Compiler.java:7003)
    clojure.lang.Compiler.analyze (Compiler.java:6773)
    clojure.lang.Compiler.analyze (Compiler.java:6729)
    clojure.lang.Compiler.eval (Compiler.java:7066)
    clojure.lang.Compiler.load (Compiler.java:7514)
    clojure.lang.Compiler.loadFile (Compiler.java:7452)
    clojure.lang.RT$3.invoke (RT.java:325)
    figwheel_sidecar.build_middleware.clj_reloading$handle_clj_source_reloading.invokeStatic (clj_reloading.clj:61)
    figwheel_sidecar.build_middleware.clj_reloading$handle_clj_source_reloading.invoke (clj_reloading.clj:46)
    figwheel_sidecar.build_middleware.clj_reloading$hook$fn__20921.invoke (clj_reloading.clj:93)
    figwheel_sidecar.build_middleware.javascript_reloading$hook$fn__20954.invoke (javascript_reloading.clj:48)
    figwheel_sidecar.components.cljs_autobuild$color_output$fn__21009.invoke (cljs_autobuild.clj:80)
    figwheel_sidecar.components.cljs_autobuild$execute_build$fn__21051.invoke (cljs_autobuild.clj:234)
    figwheel_sidecar.utils$sync_exec$fn__371$fn__372.invoke (utils.clj:13)
    figwheel_sidecar.utils$sync_exec$fn__371.invoke (utils.clj:12)
    clojure.core$binding_conveyor_fn$fn__5476.invoke (core.clj:2025)
    clojure.lang.AFn.applyToHelper (AFn.java:154)
    clojure.lang.RestFn.applyTo (RestFn.java:132)
    clojure.lang.Agent$Action.doRun (Agent.java:114)
    clojure.lang.Agent$Action.run (Agent.java:163)
    java.util.concurrent.ThreadPoolExecutor.runWorker (ThreadPoolExecutor.java:1149)
    java.util.concurrent.ThreadPoolExecutor$Worker.run (ThreadPoolExecutor.java:624)
    java.lang.Thread.run (Thread.java:748)

Compiling build :test to "app.js" from ["src/cljs"]...
[31mFailed to compile build :test from ["src/cljs"] in 0.452 seconds.[0m
[36m----  Could not Analyze  src/cljs/auth/jws/core.cljs  ----[0m

  [1mNo such namespace: auth.utils.core, could not locate auth/utils/core.cljs, auth/utils/core.cljc, or JavaScript source providing "auth.utils.core" [0m

[36m----  Analysis Error : Please see src/cljs/auth/jws/core.cljs  ----[0m
Compiling build :test to "app.js" from ["src/cljs"]...
[31mFailed to compile build :test from ["src/cljs"] in 1.074 seconds.[0m
[36m----  Could not Analyze  src/cljs/auth/jws/core.cljs  ----[0m

  [1mNo such namespace: auth.utils.core, could not locate auth/utils/core.cljs, auth/utils/core.cljc, or JavaScript source providing "auth.utils.core" [0m

[36m----  Analysis Error : Please see src/cljs/auth/jws/core.cljs  ----[0m
Compiling build :test to "app.js" from ["src/cljs"]...
[31mFailed to compile build :test from ["src/cljs"] in 0.468 seconds.[0m
[36m----  Could not Analyze  src/cljs/auth/jws/core.cljs   line:22  column:1  ----[0m

  [1mWrong number of args (0) passed to: core/defn--4531[0m

  [36m20[0m  [36m  (parse-json (decodeString (second (split (replace token #"\"" "") #"\."))) true))[0m
  [36m21[0m  [36m[0m
  [33m22[0m  [1m(defn )[0m
  [0m  [0m  [33m^--- Wrong number of args (0) passed to: core/defn--4531[0m

[36m----  Analysis Error : Please see src/cljs/auth/jws/core.cljs  ----[0m
Compiling build :test to "app.js" from ["src/cljs"]...
[31mFailed to compile build :test from ["src/cljs"] in 0.525 seconds.[0m
[36m----  Could not Analyze  src/cljs/auth/jws/core.cljs   line:22  column:1  ----[0m

  [1mWrong number of args (0) passed to: core/defn--4531[0m

  [36m20[0m  [36m  (parse-json (decodeString (second (split (replace token #"\"" "") #"\."))) true))[0m
  [36m21[0m  [36m[0m
  [33m22[0m  [1m(defn )[0m
  [0m  [0m  [33m^--- Wrong number of args (0) passed to: core/defn--4531[0m

[36m----  Analysis Error : Please see src/cljs/auth/jws/core.cljs  ----[0m
Compiling build :test to "app.js" from ["src/cljs"]...
[32mSuccessfully compiled build :test to "app.js" in 1.336 seconds.[0m
notifying browser that file changed:  resources/public/js/out/cljs_deps.js
notifying browser that file changed:  resources/public/js/out/auth/jws/core.js
Compiling build :test to "app.js" from ["src/cljs"]...
[32mSuccessfully compiled build :test to "app.js" in 0.803 seconds.[0m
notifying browser that file changed:  resources/public/js/out/auth/jws/core.js
Compiling build :test to "app.js" from ["src/cljs"]...
[32mSuccessfully compiled build :test to "app.js" in 0.841 seconds.[0m
notifying browser that file changed:  resources/public/js/out/auth/utils/core.js
Compiling build :test to "app.js" from ["src/cljs"]...
[32mSuccessfully compiled build :test to "app.js" in 0.847 seconds.[0m
notifying browser that file changed:  resources/public/js/out/auth/jws/core.js
Compiling build :test to "app.js" from ["src/cljs"]...
[32mSuccessfully compiled build :test to "app.js" in 3.215 seconds.[0m
notifying browser that file changed:  resources/public/js/out/auth/utils/core.js
Compiling build :test to "app.js" from ["src/cljs"]...
[32mSuccessfully compiled build :test to "app.js" in 0.864 seconds.[0m
notifying browser that file changed:  resources/public/js/out/auth/jws/core.js
Compiling build :test to "app.js" from ["src/cljs"]...
[32mSuccessfully compiled build :test to "app.js" in 3.024 seconds.[0m
notifying browser that file changed:  resources/public/js/out/auth/jws/core.js
Compiling build :test to "app.js" from ["src/cljs"]...
[32mSuccessfully compiled build :test to "app.js" in 0.784 seconds.[0m
notifying browser that file changed:  resources/public/js/out/auth/jws/core.js
Compiling build :test to "app.js" from ["src/cljs"]...
[32mSuccessfully compiled build :test to "app.js" in 0.748 seconds.[0m
notifying browser that file changed:  resources/public/js/out/auth/jws/core.js
Compiling build :test to "app.js" from ["src/cljs"]...
[32mSuccessfully compiled build :test to "app.js" in 0.96 seconds.[0m
notifying browser that file changed:  resources/public/js/out/auth/jws/core.js
Compiling build :test to "app.js" from ["src/cljs"]...
[32mSuccessfully compiled build :test to "app.js" in 1.146 seconds.[0m
notifying browser that file changed:  resources/public/js/out/goog/deps.js
notifying browser that file changed:  resources/public/js/out/cljs_deps.js
notifying browser that file changed:  resources/public/js/out/auth/jws/core.js
Compiling build :test to "app.js" from ["src/cljs"]...
[32mSuccessfully compiled build :test to "app.js" in 0.852 seconds.[0m
notifying browser that file changed:  resources/public/js/out/auth/jws/core.js
Compiling build :test to "app.js" from ["src/cljs"]...
[32mSuccessfully compiled build :test to "app.js" in 0.85 seconds.[0m
notifying browser that file changed:  resources/public/js/out/auth/jws/core.js
Compiling build :test to "app.js" from ["src/cljs"]...
[32mSuccessfully compiled build :test to "app.js" in 0.822 seconds.[0m
notifying browser that file changed:  resources/public/js/out/auth/jws/core.js
Compiling build :test to "app.js" from ["src/cljs"]...
[31mFailed to compile build :test from ["src/cljs"] in 0.559 seconds.[0m
[36m----  Could not Analyze  src/cljs/auth/jws/core.cljs   line:25  column:1  ----[0m

  [1mParameter declaration "Authorization" should be a vector[0m

  [36m23[0m  [36m  (parse-json (decodeString (second (split token #"\."))) true))[0m
  [36m24[0m  [36m[0m
  [33m25[0m  [1m(defn re-encode-token[0m
  [0m  [0m  [33m^--- Parameter declaration "Authorization" should be a vector[0m
  [36m26[0m  [36m  "Re-encodes JWT with new payload.[0m
  [36m27[0m  [36m   NOTE: This token HAS to go in the headers where the key is \"Authorization\" and it's value is[0m
  [36m28[0m  [36m         a map i.e. (generate-json {\"Token\" <JWT>}). We need to strigify the {\"Token\" <JTW>} map[0m

[36m----  Analysis Error : Please see src/cljs/auth/jws/core.cljs  ----[0m
Compiling build :test to "app.js" from ["src/cljs"]...
[32mSuccessfully compiled build :test to "app.js" in 0.814 seconds.[0m
notifying browser that file changed:  resources/public/js/out/auth/jws/core.js
Compiling build :test to "app.js" from ["src/cljs"]...
[32mSuccessfully compiled build :test to "app.js" in 0.828 seconds.[0m
notifying browser that file changed:  resources/public/js/out/auth/jws/core.js
Compiling build :test to "app.js" from ["src/cljs"]...
[32mSuccessfully compiled build :test to "app.js" in 0.863 seconds.[0m
notifying browser that file changed:  resources/public/js/out/auth/jws/core.js
Compiling build :test to "app.js" from ["src/cljs"]...
[32mSuccessfully compiled build :test to "app.js" in 0.842 seconds.[0m
notifying browser that file changed:  resources/public/js/out/auth/jws/core.js
Compiling build :test to "app.js" from ["src/cljs"]...
[32mSuccessfully compiled build :test to "app.js" in 0.796 seconds.[0m
notifying browser that file changed:  resources/public/js/out/auth/jws/core.js
Compiling build :test to "app.js" from ["src/cljs"]...
[32mSuccessfully compiled build :test to "app.js" in 0.821 seconds.[0m
notifying browser that file changed:  resources/public/js/out/auth/jws/core.js
Compiling build :test to "app.js" from ["src/cljs"]...
[32mSuccessfully compiled build :test to "app.js" in 1.501 seconds.[0m
notifying browser that file changed:  resources/public/js/out/auth/jws/core.js
Compiling build :test to "app.js" from ["src/cljs"]...
[32mSuccessfully compiled build :test to "app.js" in 0.784 seconds.[0m
notifying browser that file changed:  resources/public/js/out/auth/jws/core.js
Compiling build :test to "app.js" from ["src/cljs"]...
[32mSuccessfully compiled build :test to "app.js" in 1.655 seconds.[0m
notifying browser that file changed:  resources/public/js/out/auth/jws/core.js
Compiling build :test to "app.js" from ["src/cljs"]...
[36m----  Compiler Warning on   src/cljs/auth/jws/core.cljs   line:30  column:8  ----[0m

  [1mNo such namespace: str, could not locate str.cljs, str.cljc, or JavaScript source providing "str"[0m

  [36m26[0m  [36m  [b64string][0m
  [36m27[0m  [36m  (-> b64string[0m
  [36m28[0m  [36m      (str/replace "+" "-")[0m
  [36m29[0m  [36m      (str/replace "/" "_")[0m
  [33m30[0m  [1m      (str/replace "=" "")))[0m
  [0m  [0m  [33m       ^--- No such namespace: str, could not locate str.cljs, str.cljc, or JavaScript source providing "str"[0m
  [36m31[0m  [36m[0m
  [36m32[0m  [36m(defn encode-payload[0m
  [36m33[0m  [36m  "Encodes any payload data (cljs map) and cleans the encoded string output"[0m
  [36m34[0m  [36m  [payload][0m
  [36m35[0m  [36m  (apply str (butlast (encodeString (generate-json payload)))))[0m

[36m----  Compiler Warning : Please see src/cljs/auth/jws/core.cljs  ----[0m
[36m----  Compiler Warning on   src/cljs/auth/jws/core.cljs   line:30  column:8  ----[0m

  [1mUse of undeclared Var str/replace[0m

  [36m26[0m  [36m  [b64string][0m
  [36m27[0m  [36m  (-> b64string[0m
  [36m28[0m  [36m      (str/replace "+" "-")[0m
  [36m29[0m  [36m      (str/replace "/" "_")[0m
  [33m30[0m  [1m      (str/replace "=" "")))[0m
  [0m  [0m  [33m       ^--- Use of undeclared Var str/replace[0m
  [36m31[0m  [36m[0m
  [36m32[0m  [36m(defn encode-payload[0m
  [36m33[0m  [36m  "Encodes any payload data (cljs map) and cleans the encoded string output"[0m
  [36m34[0m  [36m  [payload][0m
  [36m35[0m  [36m  (apply str (butlast (encodeString (generate-json payload)))))[0m

[36m----  Compiler Warning : Please see src/cljs/auth/jws/core.cljs  ----[0m
[36m----  Compiler Warning on   src/cljs/auth/jws/core.cljs   line:29  column:8  ----[0m

  [1mNo such namespace: str, could not locate str.cljs, str.cljc, or JavaScript source providing "str"[0m

  [36m25[0m  [36m(defn- base64-url-escape[0m
  [36m26[0m  [36m  [b64string][0m
  [36m27[0m  [36m  (-> b64string[0m
  [36m28[0m  [36m      (str/replace "+" "-")[0m
  [33m29[0m  [1m      (str/replace "/" "_")[0m
  [0m  [0m  [33m       ^--- No such namespace: str, could not locate str.cljs, str.cljc, or JavaScript source providing "str"[0m
  [36m30[0m  [36m      (str/replace "=" "")))[0m
  [36m31[0m  [36m[0m
  [36m32[0m  [36m(defn encode-payload[0m
  [36m33[0m  [36m  "Encodes any payload data (cljs map) and cleans the encoded string output"[0m
  [36m34[0m  [36m  [payload][0m

[36m----  Compiler Warning : Please see src/cljs/auth/jws/core.cljs  ----[0m
[36m----  Compiler Warning on   src/cljs/auth/jws/core.cljs   line:29  column:8  ----[0m

  [1mUse of undeclared Var str/replace[0m

  [36m25[0m  [36m(defn- base64-url-escape[0m
  [36m26[0m  [36m  [b64string][0m
  [36m27[0m  [36m  (-> b64string[0m
  [36m28[0m  [36m      (str/replace "+" "-")[0m
  [33m29[0m  [1m      (str/replace "/" "_")[0m
  [0m  [0m  [33m       ^--- Use of undeclared Var str/replace[0m
  [36m30[0m  [36m      (str/replace "=" "")))[0m
  [36m31[0m  [36m[0m
  [36m32[0m  [36m(defn encode-payload[0m
  [36m33[0m  [36m  "Encodes any payload data (cljs map) and cleans the encoded string output"[0m
  [36m34[0m  [36m  [payload][0m

[36m----  Compiler Warning : Please see src/cljs/auth/jws/core.cljs  ----[0m
[36m----  Compiler Warning on   src/cljs/auth/jws/core.cljs   line:28  column:8  ----[0m

  [1mNo such namespace: str, could not locate str.cljs, str.cljc, or JavaScript source providing "str"[0m

  [36m25[0m  [36m(defn- base64-url-escape[0m
  [36m26[0m  [36m  [b64string][0m
  [36m27[0m  [36m  (-> b64string[0m
  [33m28[0m  [1m      (str/replace "+" "-")[0m
  [0m  [0m  [33m       ^--- No such namespace: str, could not locate str.cljs, str.cljc, or JavaScript source providing "str"[0m
  [36m29[0m  [36m      (str/replace "/" "_")[0m
  [36m30[0m  [36m      (str/replace "=" "")))[0m
  [36m31[0m  [36m[0m
  [36m32[0m  [36m(defn encode-payload[0m
  [36m33[0m  [36m  "Encodes any payload data (cljs map) and cleans the encoded string output"[0m

[36m----  Compiler Warning : Please see src/cljs/auth/jws/core.cljs  ----[0m
[36m----  Compiler Warning on   src/cljs/auth/jws/core.cljs   line:28  column:8  ----[0m

  [1mUse of undeclared Var str/replace[0m

  [36m25[0m  [36m(defn- base64-url-escape[0m
  [36m26[0m  [36m  [b64string][0m
  [36m27[0m  [36m  (-> b64string[0m
  [33m28[0m  [1m      (str/replace "+" "-")[0m
  [0m  [0m  [33m       ^--- Use of undeclared Var str/replace[0m
  [36m29[0m  [36m      (str/replace "/" "_")[0m
  [36m30[0m  [36m      (str/replace "=" "")))[0m
  [36m31[0m  [36m[0m
  [36m32[0m  [36m(defn encode-payload[0m
  [36m33[0m  [36m  "Encodes any payload data (cljs map) and cleans the encoded string output"[0m

[36m----  Compiler Warning : Please see src/cljs/auth/jws/core.cljs  ----[0m
[32mSuccessfully compiled build :test to "app.js" in 0.964 seconds.[0m
notifying browser that file changed:  resources/public/js/out/auth/jws/core.js
Compiling build :test to "app.js" from ["src/cljs"]...
[36m----  Compiler Warning on   src/cljs/auth/jws/core.cljs   line:30  column:8  ----[0m

  [1mNo such namespace: str, could not locate str.cljs, str.cljc, or JavaScript source providing "str"[0m

  [36m26[0m  [36m  [b64string][0m
  [36m27[0m  [36m  (-> b64string[0m
  [36m28[0m  [36m      (str/replace "+" "-")[0m
  [36m29[0m  [36m      (str/replace "/" "_")[0m
  [33m30[0m  [1m      (str/replace "=" "")))[0m
  [0m  [0m  [33m       ^--- No such namespace: str, could not locate str.cljs, str.cljc, or JavaScript source providing "str"[0m
  [36m31[0m  [36m[0m
  [36m32[0m  [36m(defn encode-payload[0m
  [36m33[0m  [36m  "Encodes any payload data (cljs map) and cleans the encoded string output"[0m
  [36m34[0m  [36m  [payload][0m
  [36m35[0m  [36m  (base64-url-escape (encodeString (generate-json payload))))[0m

[36m----  Compiler Warning : Please see src/cljs/auth/jws/core.cljs  ----[0m
[36m----  Compiler Warning on   src/cljs/auth/jws/core.cljs   line:30  column:8  ----[0m

  [1mUse of undeclared Var str/replace[0m

  [36m26[0m  [36m  [b64string][0m
  [36m27[0m  [36m  (-> b64string[0m
  [36m28[0m  [36m      (str/replace "+" "-")[0m
  [36m29[0m  [36m      (str/replace "/" "_")[0m
  [33m30[0m  [1m      (str/replace "=" "")))[0m
  [0m  [0m  [33m       ^--- Use of undeclared Var str/replace[0m
  [36m31[0m  [36m[0m
  [36m32[0m  [36m(defn encode-payload[0m
  [36m33[0m  [36m  "Encodes any payload data (cljs map) and cleans the encoded string output"[0m
  [36m34[0m  [36m  [payload][0m
  [36m35[0m  [36m  (base64-url-escape (encodeString (generate-json payload))))[0m

[36m----  Compiler Warning : Please see src/cljs/auth/jws/core.cljs  ----[0m
[36m----  Compiler Warning on   src/cljs/auth/jws/core.cljs   line:29  column:8  ----[0m

  [1mNo such namespace: str, could not locate str.cljs, str.cljc, or JavaScript source providing "str"[0m

  [36m25[0m  [36m(defn- base64-url-escape[0m
  [36m26[0m  [36m  [b64string][0m
  [36m27[0m  [36m  (-> b64string[0m
  [36m28[0m  [36m      (str/replace "+" "-")[0m
  [33m29[0m  [1m      (str/replace "/" "_")[0m
  [0m  [0m  [33m       ^--- No such namespace: str, could not locate str.cljs, str.cljc, or JavaScript source providing "str"[0m
  [36m30[0m  [36m      (str/replace "=" "")))[0m
  [36m31[0m  [36m[0m
  [36m32[0m  [36m(defn encode-payload[0m
  [36m33[0m  [36m  "Encodes any payload data (cljs map) and cleans the encoded string output"[0m
  [36m34[0m  [36m  [payload][0m

[36m----  Compiler Warning : Please see src/cljs/auth/jws/core.cljs  ----[0m
[36m----  Compiler Warning on   src/cljs/auth/jws/core.cljs   line:29  column:8  ----[0m

  [1mUse of undeclared Var str/replace[0m

  [36m25[0m  [36m(defn- base64-url-escape[0m
  [36m26[0m  [36m  [b64string][0m
  [36m27[0m  [36m  (-> b64string[0m
  [36m28[0m  [36m      (str/replace "+" "-")[0m
  [33m29[0m  [1m      (str/replace "/" "_")[0m
  [0m  [0m  [33m       ^--- Use of undeclared Var str/replace[0m
  [36m30[0m  [36m      (str/replace "=" "")))[0m
  [36m31[0m  [36m[0m
  [36m32[0m  [36m(defn encode-payload[0m
  [36m33[0m  [36m  "Encodes any payload data (cljs map) and cleans the encoded string output"[0m
  [36m34[0m  [36m  [payload][0m

[36m----  Compiler Warning : Please see src/cljs/auth/jws/core.cljs  ----[0m
[36m----  Compiler Warning on   src/cljs/auth/jws/core.cljs   line:28  column:8  ----[0m

  [1mNo such namespace: str, could not locate str.cljs, str.cljc, or JavaScript source providing "str"[0m

  [36m25[0m  [36m(defn- base64-url-escape[0m
  [36m26[0m  [36m  [b64string][0m
  [36m27[0m  [36m  (-> b64string[0m
  [33m28[0m  [1m      (str/replace "+" "-")[0m
  [0m  [0m  [33m       ^--- No such namespace: str, could not locate str.cljs, str.cljc, or JavaScript source providing "str"[0m
  [36m29[0m  [36m      (str/replace "/" "_")[0m
  [36m30[0m  [36m      (str/replace "=" "")))[0m
  [36m31[0m  [36m[0m
  [36m32[0m  [36m(defn encode-payload[0m
  [36m33[0m  [36m  "Encodes any payload data (cljs map) and cleans the encoded string output"[0m

[36m----  Compiler Warning : Please see src/cljs/auth/jws/core.cljs  ----[0m
[36m----  Compiler Warning on   src/cljs/auth/jws/core.cljs   line:28  column:8  ----[0m

  [1mUse of undeclared Var str/replace[0m

  [36m25[0m  [36m(defn- base64-url-escape[0m
  [36m26[0m  [36m  [b64string][0m
  [36m27[0m  [36m  (-> b64string[0m
  [33m28[0m  [1m      (str/replace "+" "-")[0m
  [0m  [0m  [33m       ^--- Use of undeclared Var str/replace[0m
  [36m29[0m  [36m      (str/replace "/" "_")[0m
  [36m30[0m  [36m      (str/replace "=" "")))[0m
  [36m31[0m  [36m[0m
  [36m32[0m  [36m(defn encode-payload[0m
  [36m33[0m  [36m  "Encodes any payload data (cljs map) and cleans the encoded string output"[0m

[36m----  Compiler Warning : Please see src/cljs/auth/jws/core.cljs  ----[0m
[32mSuccessfully compiled build :test to "app.js" in 0.966 seconds.[0m
notifying browser that file changed:  resources/public/js/out/auth/jws/core.js
Compiling build :test to "app.js" from ["src/cljs"]...
[32mSuccessfully compiled build :test to "app.js" in 1.32 seconds.[0m
notifying browser that file changed:  resources/public/js/out/auth/jws/core.js
Compiling build :test to "app.js" from ["src/cljs"]...
[32mSuccessfully compiled build :test to "app.js" in 0.924 seconds.[0m
notifying browser that file changed:  resources/public/js/out/auth/jws/core.js
Compiling build :test to "app.js" from ["src/cljs"]...
[32mSuccessfully compiled build :test to "app.js" in 0.852 seconds.[0m
notifying browser that file changed:  resources/public/js/out/auth/jws/core.js
Compiling build :test to "app.js" from ["src/cljs"]...
[32mSuccessfully compiled build :test to "app.js" in 0.817 seconds.[0m
notifying browser that file changed:  resources/public/js/out/auth/jws/core.js
